{"/Users/oliviafrost/Desktop/Makers/FullCourse/week11/Mapp/spec/LoginViewSpec.js":{"path":"/Users/oliviafrost/Desktop/Makers/FullCourse/week11/Mapp/spec/LoginViewSpec.js","s":{"1":1,"2":0,"3":0,"4":0,"5":0,"6":0,"7":0,"8":0,"9":0,"10":0,"11":0,"12":0,"13":0,"14":0,"15":0,"16":0},"b":{},"f":{"1":0,"2":0,"3":0,"4":0,"5":0,"6":0,"7":0,"8":0},"fnMap":{"1":{"name":"(anonymous_1)","line":1,"loc":{"start":{"line":1,"column":23},"end":{"line":1,"column":34}}},"2":{"name":"(anonymous_2)","line":2,"loc":{"start":{"line":2,"column":12},"end":{"line":2,"column":23}}},"3":{"name":"(anonymous_3)","line":3,"loc":{"start":{"line":3,"column":15},"end":{"line":3,"column":26}}},"4":{"name":"(anonymous_4)","line":4,"loc":{"start":{"line":4,"column":15},"end":{"line":4,"column":30}}},"5":{"name":"(anonymous_5)","line":11,"loc":{"start":{"line":11,"column":11},"end":{"line":11,"column":22}}},"6":{"name":"(anonymous_6)","line":14,"loc":{"start":{"line":14,"column":10},"end":{"line":14,"column":21}}},"7":{"name":"(anonymous_7)","line":21,"loc":{"start":{"line":21,"column":24},"end":{"line":21,"column":35}}},"8":{"name":"(anonymous_8)","line":22,"loc":{"start":{"line":22,"column":39},"end":{"line":22,"column":50}}}},"statementMap":{"1":{"start":{"line":1,"column":0},"end":{"line":28,"column":3}},"2":{"start":{"line":2,"column":1},"end":{"line":19,"column":4}},"3":{"start":{"line":3,"column":2},"end":{"line":3,"column":29}},"4":{"start":{"line":4,"column":2},"end":{"line":10,"column":4}},"5":{"start":{"line":5,"column":3},"end":{"line":9,"column":6}},"6":{"start":{"line":11,"column":2},"end":{"line":13,"column":4}},"7":{"start":{"line":12,"column":3},"end":{"line":12,"column":31}},"8":{"start":{"line":14,"column":2},"end":{"line":16,"column":4}},"9":{"start":{"line":15,"column":3},"end":{"line":15,"column":31}},"10":{"start":{"line":17,"column":2},"end":{"line":17,"column":17}},"11":{"start":{"line":18,"column":2},"end":{"line":18,"column":49}},"12":{"start":{"line":21,"column":1},"end":{"line":27,"column":4}},"13":{"start":{"line":22,"column":2},"end":{"line":26,"column":5}},"14":{"start":{"line":23,"column":3},"end":{"line":23,"column":60}},"15":{"start":{"line":24,"column":3},"end":{"line":24,"column":17}},"16":{"start":{"line":25,"column":3},"end":{"line":25,"column":69}}},"branchMap":{}}}